<?xml version="1.0" encoding="UTF-8"?>
<!-- Generated by org.testng.reporters.JUnitReportReporter -->
<testsuite hostname="waheguru" name="yummlyautomation.TestNG_Grouping" tests="4" failures="0" timestamp="24 Jan 2017 20:12:46 GMT" time="0.025" errors="0">
  <testcase name="BMW3Series" time="0.002" classname="yummlyautomation.TestNG_Grouping"/>
  <testcase name="AudiA6" time="0.014" classname="yummlyautomation.TestNG_Grouping"/>
  <testcase name="BMWX3" time="0.007" classname="yummlyautomation.TestNG_Grouping"/>
  <testcase name="HondaAccord" time="0.002" classname="yummlyautomation.TestNG_Grouping"/>
</testsuite> <!-- yummlyautomation.TestNG_Grouping -->
