<?xml version="1.0" encoding="UTF-8"?>
<!-- Generated by org.testng.reporters.JUnitReportReporter -->
<testsuite hostname="waheguru" name="com.yummly.TestCases" tests="3" failures="0" timestamp="25 Jan 2017 22:01:27 GMT" time="100.359" errors="0">
  <testcase name="Test_B" time="31.428" classname="com.yummly.TestCases"/>
  <testcase name="Test_A" time="17.296" classname="com.yummly.TestCases"/>
  <testcase name="Test_C" time="51.635" classname="com.yummly.TestCases"/>
</testsuite> <!-- com.yummly.TestCases -->
