<?xml version="1.0" encoding="UTF-8"?>
<!-- Generated by org.testng.reporters.JUnitReportReporter -->
<testsuite hostname="waheguru" name="yummlyautomation.TestNG_TestCase" tests="1" failures="0" timestamp="25 Jan 2017 01:29:21 GMT" time="31.027" errors="0">
  <testcase name="test1" time="31.027" classname="yummlyautomation.TestNG_TestCase"/>
</testsuite> <!-- yummlyautomation.TestNG_TestCase -->
